<?xml version="1.0" encoding="UTF-8"?>
<!-- Generated by org.testng.reporters.JUnitXMLReporter -->
<testsuite ignored="0" hostname="MEGHANA-DT32" failures="0" tests="6" name="Default test" time="66.524" errors="0" timestamp="2020-12-12T17:58:12 IST">
  <testcase classname="testcases.Airbnbtestcases" name="testcase1" time="9.691"/>
  <testcase classname="testcases.Airbnbtestcases" name="testcase2" time="3.851"/>
  <testcase classname="testcases.Airbnbtestcases" name="testcase3" time="4.131"/>
  <testcase classname="testcases.Airbnbtestcases" name="testcase4" time="18.082"/>
  <testcase classname="testcases.Airbnbtestcases" name="testcase5" time="14.911"/>
  <testcase classname="testcases.Airbnbtestcases" name="testcase6" time="8.667"/>
</testsuite> <!-- Default test -->
