<?xml version="1.0" encoding="UTF-8"?>
<!-- Generated by org.testng.reporters.JUnitXMLReporter -->
<testsuite ignored="0" hostname="MEGHANA-DT32" failures="0" tests="6" name="Test" time="66.046" errors="0" timestamp="2020-12-12T17:59:56 IST">
  <testcase classname="testcases.Airbnbtestcases" name="testcase1" time="8.914"/>
  <testcase classname="testcases.Airbnbtestcases" name="testcase2" time="4.049"/>
  <testcase classname="testcases.Airbnbtestcases" name="testcase3" time="3.865"/>
  <testcase classname="testcases.Airbnbtestcases" name="testcase4" time="18.296"/>
  <testcase classname="testcases.Airbnbtestcases" name="testcase5" time="14.903"/>
  <testcase classname="testcases.Airbnbtestcases" name="testcase6" time="8.678"/>
</testsuite> <!-- Test -->
