<?xml version="1.0" encoding="UTF-8"?>
<testng-results ignored="0" total="6" passed="6" failed="0" skipped="0">
  <reporter-output>
  </reporter-output>
  <suite started-at="2020-12-12T17:58:50 IST" name="Suite" finished-at="2020-12-12T17:59:56 IST" duration-ms="66046">
    <groups>
    </groups>
    <test started-at="2020-12-12T17:58:50 IST" name="Test" finished-at="2020-12-12T17:59:56 IST" duration-ms="66046">
      <class name="testcases.Airbnbtestcases">
        <test-method is-config="true" signature="setup()[pri:0, instance:testcases.Airbnbtestcases@51dcb805]" started-at="2020-12-12T17:58:50 IST" name="setup" finished-at="2020-12-12T17:58:56 IST" duration-ms="6376" status="PASS">
          <reporter-output>
          </reporter-output>
        </test-method> <!-- setup -->
        <test-method signature="testcase1()[pri:1, instance:testcases.Airbnbtestcases@51dcb805]" started-at="2020-12-12T17:58:57 IST" name="testcase1" finished-at="2020-12-12T17:59:05 IST" duration-ms="8914" status="PASS">
          <reporter-output>
          </reporter-output>
        </test-method> <!-- testcase1 -->
        <test-method signature="testcase2()[pri:2, instance:testcases.Airbnbtestcases@51dcb805]" started-at="2020-12-12T17:59:05 IST" name="testcase2" finished-at="2020-12-12T17:59:10 IST" duration-ms="4049" status="PASS">
          <reporter-output>
          </reporter-output>
        </test-method> <!-- testcase2 -->
        <test-method signature="testcase3()[pri:3, instance:testcases.Airbnbtestcases@51dcb805]" started-at="2020-12-12T17:59:10 IST" name="testcase3" finished-at="2020-12-12T17:59:13 IST" duration-ms="3865" status="PASS">
          <reporter-output>
          </reporter-output>
        </test-method> <!-- testcase3 -->
        <test-method signature="testcase4()[pri:4, instance:testcases.Airbnbtestcases@51dcb805]" started-at="2020-12-12T17:59:13 IST" name="testcase4" finished-at="2020-12-12T17:59:32 IST" duration-ms="18296" status="PASS">
          <reporter-output>
          </reporter-output>
        </test-method> <!-- testcase4 -->
        <test-method signature="testcase5()[pri:5, instance:testcases.Airbnbtestcases@51dcb805]" started-at="2020-12-12T17:59:32 IST" name="testcase5" finished-at="2020-12-12T17:59:47 IST" duration-ms="14903" status="PASS">
          <reporter-output>
          </reporter-output>
        </test-method> <!-- testcase5 -->
        <test-method signature="testcase6()[pri:6, instance:testcases.Airbnbtestcases@51dcb805]" started-at="2020-12-12T17:59:47 IST" name="testcase6" finished-at="2020-12-12T17:59:55 IST" duration-ms="8678" status="PASS">
          <reporter-output>
          </reporter-output>
        </test-method> <!-- testcase6 -->
        <test-method is-config="true" signature="teardown()[pri:0, instance:testcases.Airbnbtestcases@51dcb805]" started-at="2020-12-12T17:59:55 IST" name="teardown" finished-at="2020-12-12T17:59:56 IST" duration-ms="886" status="PASS">
          <reporter-output>
          </reporter-output>
        </test-method> <!-- teardown -->
      </class> <!-- testcases.Airbnbtestcases -->
    </test> <!-- Test -->
  </suite> <!-- Suite -->
</testng-results>
